<?xml version="1.0" encoding="UTF-8"?>
<!-- Generated by org.testng.reporters.JUnitReportReporter -->
<testsuite hostname="LAPTOP-Q8GFA9DS" failures="0" tests="1" name="vtiger.Practice.SampleJDBCExecuteQuery" time="0.217" errors="0" timestamp="2024-01-02T12:45:08 IST" skipped="0">
  <testcase classname="vtiger.Practice.SampleJDBCExecuteQuery" name="sample" time="0.217"/>
  <system-out/>
</testsuite> <!-- vtiger.Practice.SampleJDBCExecuteQuery -->
